<?xml version="1.0" encoding="UTF-8"?>
<!-- Generated by org.testng.reporters.JUnitReportReporter -->
<testsuite hostname="Techboy-Kishor" failures="0" tests="1" name="com.qa.testcases.PriceCompareTest" time="10.089" errors="0" timestamp="2022-09-11T14:50:25 IST" skipped="0">
  <testcase classname="com.qa.testcases.PriceCompareTest" name="compareMobilePrice" time="10.089"/>
  <system-out/>
</testsuite> <!-- com.qa.testcases.PriceCompareTest -->
