<?xml version="1.0" encoding="UTF-8"?>
<!-- Generated by org.testng.reporters.JUnitReportReporter -->
<testsuite hostname="Techboy-Kishor" failures="0" tests="1" name="com.qa.testcases.RoughTest" time="76.837" errors="0" timestamp="2022-09-11T16:23:38 IST" skipped="0">
  <testcase classname="com.qa.testcases.RoughTest" name="AmazonURl" time="76.837"/>
  <system-out/>
</testsuite> <!-- com.qa.testcases.RoughTest -->
