<?xml version="1.0" encoding="UTF-8"?>
<!-- Generated by org.testng.reporters.JUnitReportReporter -->
<testsuite hostname="Techboy-Kishor" failures="0" tests="1" name="com.qa.testcases.RoughTest" time="72.959" errors="0" timestamp="2022-09-12T13:51:17 IST" skipped="0">
  <testcase classname="com.qa.testcases.RoughTest" name="AmazonURl" time="72.959"/>
  <system-out/>
</testsuite> <!-- com.qa.testcases.RoughTest -->
