<?xml version="1.0" encoding="UTF-8"?>
<!-- Generated by org.testng.reporters.JUnitReportReporter -->
<testsuite hostname="Techboy-Kishor" failures="0" tests="1" name="com.qa.testcases.FlipkartAppleTest" time="0.000" errors="0" timestamp="2022-09-12T12:17:49 IST" skipped="1">
  <testcase classname="com.qa.testcases.FlipkartAppleTest" name="flipkartAppleDetails" time="0.000">
    <skipped/>
  </testcase> <!-- flipkartAppleDetails -->
  <system-out/>
</testsuite> <!-- com.qa.testcases.FlipkartAppleTest -->
